2026-02-02 16:48:06,740 - __main__ - INFO - Starting Data Analysis Pipeline
2026-02-02 16:49:17,135 - __main__ - INFO - Loading data from data\fordgobike.csv
2026-02-02 16:49:17,143 - __main__ - INFO - Data loaded successfully: (1000, 10)
2026-02-02 16:50:30,467 - __main__ - INFO - Starting full pipeline execution
2026-02-02 16:50:30,541 - __main__ - INFO - Pipeline execution completed
2026-02-02 16:51:03,238 - __main__ - INFO - Data exported successfully
2026-02-03 00:07:58,984 - __main__ - INFO - Starting Data Analysis Pipeline
2026-02-03 00:25:41,644 - __main__ - INFO - Starting Data Analysis Pipeline
2026-02-03 13:23:43,281 - main - INFO - Starting Data Analysis Pipeline
2026-02-03 13:23:55,199 - main - INFO - Loading data from data/sample_fordgobike.csv
2026-02-03 13:23:55,353 - main - INFO - Data loaded successfully: (1000, 10)
2026-02-03 13:25:22,660 - main - INFO - Starting Data Analysis Pipeline
2026-02-03 13:25:34,196 - main - INFO - Starting full pipeline execution
2026-02-03 13:25:34,422 - main - INFO - Pipeline execution completed
2026-02-03 13:25:55,863 - main - INFO - Data exported successfully
2026-02-03 13:26:49,121 - main - INFO - Loading data from data\fordgobike.csv
2026-02-03 13:26:50,578 - main - INFO - Data loaded successfully: (183416, 16)
2026-02-03 13:27:01,790 - main - INFO - Starting full pipeline execution
2026-02-03 13:28:02,451 - main - INFO - Pipeline execution completed
2026-02-03 13:43:57,325 - main - INFO - Data exported successfully
2026-02-04 18:24:59,281 - main - INFO - Starting Data Analysis Pipeline
2026-02-04 18:27:46,217 - main - INFO - Loading data from D:\Data_Preprocessing\Data_Preprocessing_Module\data\fordgobike.csv
2026-02-04 18:27:46,558 - main - INFO - Data loaded successfully: (183416, 16)
2026-02-04 18:28:29,595 - main - INFO - Starting full pipeline execution
2026-02-04 18:28:49,939 - main - INFO - Pipeline execution completed
